<?xml version="1.0" encoding="UTF-8"?>
<!-- Generated by org.testng.reporters.JUnitReportReporter -->
<testsuite hostname="DESKTOP-LFI16I9" failures="0" tests="1" name="testCases.TC001_UserRegistration" time="4.360" errors="0" timestamp="2024-10-19T02:27:30 IST" skipped="0">
  <testcase classname="testCases.TC001_UserRegistration" name="verify_TC001_UserRegistration" time="4.360"/>
</testsuite> <!-- testCases.TC001_UserRegistration -->
